<?xml version="1.0" encoding="UTF-8"?>
<!-- Generated by org.testng.reporters.JUnitXMLReporter -->
<testsuite ignored="4" hostname="KairosHW0441" failures="0" tests="1" name="Default test" time="2.076" errors="0" timestamp="2024-04-15T16:44:51 IST">
  <testcase classname="day1.HTTPRequests" name="getUser" time="2.038"/>
  <testcase classname="day1.HTTPRequests" name="deleteUser" time="0.0">
    <ignored/>
  </testcase> <!-- deleteUser -->
  <testcase classname="day1.HTTPRequests" name="createUser" time="0.0">
    <ignored/>
  </testcase> <!-- createUser -->
  <testcase classname="day1.HTTPRequests" name="updateUser" time="0.0">
    <ignored/>
  </testcase> <!-- updateUser -->
  <testcase classname="day1.HTTPRequests" name="createUserForUpdate" time="0.0">
    <ignored/>
  </testcase> <!-- createUserForUpdate -->
</testsuite> <!-- Default test -->
